Build started 3/30/2014 11:20:06 PM.
     1>Project "C:\Users\danielng01\Desktop\Projects\LowMigrate\LowMigrate\ProjectVS\LowMigrate\LowMigrate\LowMigrate.vcxproj" on node 2 (Build target(s)).
     1>ClCompile:
         E:\Dev\VS\Microsoft Visual Studio 12.0\VC\bin\CL.exe /c /IE:\Dev\VS\Boost\boost_1_45_0 /I"E:\Dev\MySQL\mysql-connector-c++-noinstall-1.1.3-win32\lib\\" /IE:\Dev\xampp\mysql\lib /I"E:\Dev\MySQL\mysql-connector-c++-noinstall-1.1.3-win32\include" /Zi /nologo /W3 /WX- /sdl /O2 /Oi /Oy- /GL /D WIN32 /D NDEBUG /D _CONSOLE /D _LIB /D _UNICODE /D UNICODE /Gm- /EHsc /MD /GS /Gy /fp:precise /Zc:wchar_t /Zc:forScope /Yc"stdafx.h" /Fp"Release\LowMigrate.pch" /Fo"Release\\" /Fd"Release\vc120.pdb" /Gd /TP /analyze- /errorReport:prompt stdafx.cpp
         stdafx.cpp
         E:\Dev\VS\Microsoft Visual Studio 12.0\VC\bin\CL.exe /c /IE:\Dev\VS\Boost\boost_1_45_0 /I"E:\Dev\MySQL\mysql-connector-c++-noinstall-1.1.3-win32\lib\\" /IE:\Dev\xampp\mysql\lib /I"E:\Dev\MySQL\mysql-connector-c++-noinstall-1.1.3-win32\include" /Zi /nologo /W3 /WX- /sdl /O2 /Oi /Oy- /GL /D WIN32 /D NDEBUG /D _CONSOLE /D _LIB /D _UNICODE /D UNICODE /Gm- /EHsc /MD /GS /Gy /fp:precise /Zc:wchar_t /Zc:forScope /Yu"stdafx.h" /Fp"Release\LowMigrate.pch" /Fo"Release\\" /Fd"Release\vc120.pdb" /Gd /TP /analyze- /errorReport:prompt AddColumn.cpp CreateTable.cpp LowMigrate.cpp ManyToMany.cpp Migrations.cpp ArgumentsParser.cpp OneToMany.cpp QueryDebugging.cpp SplitMigration.cpp
         AddColumn.cpp
         Unknown compiler version - please run the configure tests and report the results
     1>e:\dev\mysql\mysql-connector-c++-noinstall-1.1.3-win32\include\cppconn\sqlstring.h(38): warning C4251: 'sql::SQLString::realStr' : class 'std::basic_string<char,std::char_traits<char>,std::allocator<char>>' needs to have dll-interface to be used by clients of class 'sql::SQLString'
     1>E:\Dev\MySQL\mysql-connector-c++-noinstall-1.1.3-win32\include\mysql_connection.h(165): warning C4251: 'sql::mysql::MySQL_Connection::proxy' : class 'boost::shared_ptr<sql::mysql::NativeAPI::NativeConnectionWrapper>' needs to have dll-interface to be used by clients of class 'sql::mysql::MySQL_Connection'
     1>E:\Dev\MySQL\mysql-connector-c++-noinstall-1.1.3-win32\include\mysql_connection.h(169): warning C4251: 'sql::mysql::MySQL_Connection::service' : class 'boost::scoped_ptr<sql::mysql::MySQL_Statement>' needs to have dll-interface to be used by clients of class 'sql::mysql::MySQL_Connection'
     1>E:\Dev\MySQL\mysql-connector-c++-noinstall-1.1.3-win32\include\cppconn/exception.h(61): warning C4251: 'sql::SQLException::sql_state' : class 'std::basic_string<char,std::char_traits<char>,std::allocator<char>>' needs to have dll-interface to be used by clients of class 'sql::SQLException'
         CreateTable.cpp
         Unknown compiler version - please run the configure tests and report the results
     1>e:\dev\mysql\mysql-connector-c++-noinstall-1.1.3-win32\include\cppconn\sqlstring.h(38): warning C4251: 'sql::SQLString::realStr' : class 'std::basic_string<char,std::char_traits<char>,std::allocator<char>>' needs to have dll-interface to be used by clients of class 'sql::SQLString'
     1>E:\Dev\MySQL\mysql-connector-c++-noinstall-1.1.3-win32\include\mysql_connection.h(165): warning C4251: 'sql::mysql::MySQL_Connection::proxy' : class 'boost::shared_ptr<sql::mysql::NativeAPI::NativeConnectionWrapper>' needs to have dll-interface to be used by clients of class 'sql::mysql::MySQL_Connection'
     1>E:\Dev\MySQL\mysql-connector-c++-noinstall-1.1.3-win32\include\mysql_connection.h(169): warning C4251: 'sql::mysql::MySQL_Connection::service' : class 'boost::scoped_ptr<sql::mysql::MySQL_Statement>' needs to have dll-interface to be used by clients of class 'sql::mysql::MySQL_Connection'
     1>E:\Dev\MySQL\mysql-connector-c++-noinstall-1.1.3-win32\include\cppconn/exception.h(61): warning C4251: 'sql::SQLException::sql_state' : class 'std::basic_string<char,std::char_traits<char>,std::allocator<char>>' needs to have dll-interface to be used by clients of class 'sql::SQLException'
         LowMigrate.cpp
         Unknown compiler version - please run the configure tests and report the results
     1>e:\dev\mysql\mysql-connector-c++-noinstall-1.1.3-win32\include\cppconn\sqlstring.h(38): warning C4251: 'sql::SQLString::realStr' : class 'std::basic_string<char,std::char_traits<char>,std::allocator<char>>' needs to have dll-interface to be used by clients of class 'sql::SQLString'
     1>E:\Dev\MySQL\mysql-connector-c++-noinstall-1.1.3-win32\include\mysql_connection.h(165): warning C4251: 'sql::mysql::MySQL_Connection::proxy' : class 'boost::shared_ptr<sql::mysql::NativeAPI::NativeConnectionWrapper>' needs to have dll-interface to be used by clients of class 'sql::mysql::MySQL_Connection'
     1>E:\Dev\MySQL\mysql-connector-c++-noinstall-1.1.3-win32\include\mysql_connection.h(169): warning C4251: 'sql::mysql::MySQL_Connection::service' : class 'boost::scoped_ptr<sql::mysql::MySQL_Statement>' needs to have dll-interface to be used by clients of class 'sql::mysql::MySQL_Connection'
     1>E:\Dev\MySQL\mysql-connector-c++-noinstall-1.1.3-win32\include\cppconn/exception.h(61): warning C4251: 'sql::SQLException::sql_state' : class 'std::basic_string<char,std::char_traits<char>,std::allocator<char>>' needs to have dll-interface to be used by clients of class 'sql::SQLException'
         ManyToMany.cpp
         Unknown compiler version - please run the configure tests and report the results
     1>e:\dev\mysql\mysql-connector-c++-noinstall-1.1.3-win32\include\cppconn\sqlstring.h(38): warning C4251: 'sql::SQLString::realStr' : class 'std::basic_string<char,std::char_traits<char>,std::allocator<char>>' needs to have dll-interface to be used by clients of class 'sql::SQLString'
     1>E:\Dev\MySQL\mysql-connector-c++-noinstall-1.1.3-win32\include\mysql_connection.h(165): warning C4251: 'sql::mysql::MySQL_Connection::proxy' : class 'boost::shared_ptr<sql::mysql::NativeAPI::NativeConnectionWrapper>' needs to have dll-interface to be used by clients of class 'sql::mysql::MySQL_Connection'
     1>E:\Dev\MySQL\mysql-connector-c++-noinstall-1.1.3-win32\include\mysql_connection.h(169): warning C4251: 'sql::mysql::MySQL_Connection::service' : class 'boost::scoped_ptr<sql::mysql::MySQL_Statement>' needs to have dll-interface to be used by clients of class 'sql::mysql::MySQL_Connection'
     1>E:\Dev\MySQL\mysql-connector-c++-noinstall-1.1.3-win32\include\cppconn/exception.h(61): warning C4251: 'sql::SQLException::sql_state' : class 'std::basic_string<char,std::char_traits<char>,std::allocator<char>>' needs to have dll-interface to be used by clients of class 'sql::SQLException'
         Migrations.cpp
         Unknown compiler version - please run the configure tests and report the results
     1>e:\dev\mysql\mysql-connector-c++-noinstall-1.1.3-win32\include\cppconn\sqlstring.h(38): warning C4251: 'sql::SQLString::realStr' : class 'std::basic_string<char,std::char_traits<char>,std::allocator<char>>' needs to have dll-interface to be used by clients of class 'sql::SQLString'
     1>E:\Dev\MySQL\mysql-connector-c++-noinstall-1.1.3-win32\include\mysql_connection.h(165): warning C4251: 'sql::mysql::MySQL_Connection::proxy' : class 'boost::shared_ptr<sql::mysql::NativeAPI::NativeConnectionWrapper>' needs to have dll-interface to be used by clients of class 'sql::mysql::MySQL_Connection'
     1>E:\Dev\MySQL\mysql-connector-c++-noinstall-1.1.3-win32\include\mysql_connection.h(169): warning C4251: 'sql::mysql::MySQL_Connection::service' : class 'boost::scoped_ptr<sql::mysql::MySQL_Statement>' needs to have dll-interface to be used by clients of class 'sql::mysql::MySQL_Connection'
     1>E:\Dev\MySQL\mysql-connector-c++-noinstall-1.1.3-win32\include\cppconn/exception.h(61): warning C4251: 'sql::SQLException::sql_state' : class 'std::basic_string<char,std::char_traits<char>,std::allocator<char>>' needs to have dll-interface to be used by clients of class 'sql::SQLException'
     1>Migrations.cpp(23): warning C4018: '<' : signed/unsigned mismatch
     1>Migrations.cpp(25): warning C4018: '>=' : signed/unsigned mismatch
     1>Migrations.cpp(35): warning C4018: '>=' : signed/unsigned mismatch
     1>Migrations.cpp(74): warning C4018: '<' : signed/unsigned mismatch
     1>Migrations.cpp(76): warning C4018: '>=' : signed/unsigned mismatch
     1>Migrations.cpp(86): warning C4018: '>=' : signed/unsigned mismatch
     1>Migrations.cpp(99): warning C4018: '<' : signed/unsigned mismatch
     1>Migrations.cpp(102): warning C4018: '>=' : signed/unsigned mismatch
     1>Migrations.cpp(112): warning C4018: '>=' : signed/unsigned mismatch
         ArgumentsParser.cpp
         Unknown compiler version - please run the configure tests and report the results
     1>e:\dev\mysql\mysql-connector-c++-noinstall-1.1.3-win32\include\cppconn\sqlstring.h(38): warning C4251: 'sql::SQLString::realStr' : class 'std::basic_string<char,std::char_traits<char>,std::allocator<char>>' needs to have dll-interface to be used by clients of class 'sql::SQLString'
     1>E:\Dev\MySQL\mysql-connector-c++-noinstall-1.1.3-win32\include\mysql_connection.h(165): warning C4251: 'sql::mysql::MySQL_Connection::proxy' : class 'boost::shared_ptr<sql::mysql::NativeAPI::NativeConnectionWrapper>' needs to have dll-interface to be used by clients of class 'sql::mysql::MySQL_Connection'
     1>E:\Dev\MySQL\mysql-connector-c++-noinstall-1.1.3-win32\include\mysql_connection.h(169): warning C4251: 'sql::mysql::MySQL_Connection::service' : class 'boost::scoped_ptr<sql::mysql::MySQL_Statement>' needs to have dll-interface to be used by clients of class 'sql::mysql::MySQL_Connection'
     1>E:\Dev\MySQL\mysql-connector-c++-noinstall-1.1.3-win32\include\cppconn/exception.h(61): warning C4251: 'sql::SQLException::sql_state' : class 'std::basic_string<char,std::char_traits<char>,std::allocator<char>>' needs to have dll-interface to be used by clients of class 'sql::SQLException'
         OneToMany.cpp
         Unknown compiler version - please run the configure tests and report the results
     1>e:\dev\mysql\mysql-connector-c++-noinstall-1.1.3-win32\include\cppconn\sqlstring.h(38): warning C4251: 'sql::SQLString::realStr' : class 'std::basic_string<char,std::char_traits<char>,std::allocator<char>>' needs to have dll-interface to be used by clients of class 'sql::SQLString'
     1>E:\Dev\MySQL\mysql-connector-c++-noinstall-1.1.3-win32\include\mysql_connection.h(165): warning C4251: 'sql::mysql::MySQL_Connection::proxy' : class 'boost::shared_ptr<sql::mysql::NativeAPI::NativeConnectionWrapper>' needs to have dll-interface to be used by clients of class 'sql::mysql::MySQL_Connection'
     1>E:\Dev\MySQL\mysql-connector-c++-noinstall-1.1.3-win32\include\mysql_connection.h(169): warning C4251: 'sql::mysql::MySQL_Connection::service' : class 'boost::scoped_ptr<sql::mysql::MySQL_Statement>' needs to have dll-interface to be used by clients of class 'sql::mysql::MySQL_Connection'
     1>E:\Dev\MySQL\mysql-connector-c++-noinstall-1.1.3-win32\include\cppconn/exception.h(61): warning C4251: 'sql::SQLException::sql_state' : class 'std::basic_string<char,std::char_traits<char>,std::allocator<char>>' needs to have dll-interface to be used by clients of class 'sql::SQLException'
         QueryDebugging.cpp
         Unknown compiler version - please run the configure tests and report the results
     1>e:\dev\mysql\mysql-connector-c++-noinstall-1.1.3-win32\include\cppconn\sqlstring.h(38): warning C4251: 'sql::SQLString::realStr' : class 'std::basic_string<char,std::char_traits<char>,std::allocator<char>>' needs to have dll-interface to be used by clients of class 'sql::SQLString'
     1>E:\Dev\MySQL\mysql-connector-c++-noinstall-1.1.3-win32\include\mysql_connection.h(165): warning C4251: 'sql::mysql::MySQL_Connection::proxy' : class 'boost::shared_ptr<sql::mysql::NativeAPI::NativeConnectionWrapper>' needs to have dll-interface to be used by clients of class 'sql::mysql::MySQL_Connection'
     1>E:\Dev\MySQL\mysql-connector-c++-noinstall-1.1.3-win32\include\mysql_connection.h(169): warning C4251: 'sql::mysql::MySQL_Connection::service' : class 'boost::scoped_ptr<sql::mysql::MySQL_Statement>' needs to have dll-interface to be used by clients of class 'sql::mysql::MySQL_Connection'
     1>E:\Dev\MySQL\mysql-connector-c++-noinstall-1.1.3-win32\include\cppconn/exception.h(61): warning C4251: 'sql::SQLException::sql_state' : class 'std::basic_string<char,std::char_traits<char>,std::allocator<char>>' needs to have dll-interface to be used by clients of class 'sql::SQLException'
         SplitMigration.cpp
         Unknown compiler version - please run the configure tests and report the results
     1>e:\dev\mysql\mysql-connector-c++-noinstall-1.1.3-win32\include\cppconn\sqlstring.h(38): warning C4251: 'sql::SQLString::realStr' : class 'std::basic_string<char,std::char_traits<char>,std::allocator<char>>' needs to have dll-interface to be used by clients of class 'sql::SQLString'
     1>E:\Dev\MySQL\mysql-connector-c++-noinstall-1.1.3-win32\include\mysql_connection.h(165): warning C4251: 'sql::mysql::MySQL_Connection::proxy' : class 'boost::shared_ptr<sql::mysql::NativeAPI::NativeConnectionWrapper>' needs to have dll-interface to be used by clients of class 'sql::mysql::MySQL_Connection'
     1>E:\Dev\MySQL\mysql-connector-c++-noinstall-1.1.3-win32\include\mysql_connection.h(169): warning C4251: 'sql::mysql::MySQL_Connection::service' : class 'boost::scoped_ptr<sql::mysql::MySQL_Statement>' needs to have dll-interface to be used by clients of class 'sql::mysql::MySQL_Connection'
     1>E:\Dev\MySQL\mysql-connector-c++-noinstall-1.1.3-win32\include\cppconn/exception.h(61): warning C4251: 'sql::SQLException::sql_state' : class 'std::basic_string<char,std::char_traits<char>,std::allocator<char>>' needs to have dll-interface to be used by clients of class 'sql::SQLException'
     1>SplitMigration.cpp(16): warning C4018: '<' : signed/unsigned mismatch
     1>SplitMigration.cpp(40): warning C4018: '<' : signed/unsigned mismatch
     1>SplitMigration.cpp(79): warning C4018: '<' : signed/unsigned mismatch
     1>SplitMigration.cpp(120): warning C4018: '<' : signed/unsigned mismatch
     1>SplitMigration.cpp(132): warning C4018: '<' : signed/unsigned mismatch
       Link:
         E:\Dev\VS\Microsoft Visual Studio 12.0\VC\bin\link.exe /ERRORREPORT:PROMPT /OUT:"C:\Users\danielng01\Desktop\Projects\LowMigrate\LowMigrate\ProjectVS\LowMigrate\Release\LowMigrate.exe" /INCREMENTAL:NO /NOLOGO /LIBPATH:E:\Dev\xampp\mysql\lib /LIBPATH:"E:\Dev\MySQL\mysql-connector-c++-noinstall-1.1.3-win32\lib\\" libmysql.lib mysqlcppconn.lib kernel32.lib user32.lib gdi32.lib winspool.lib comdlg32.lib advapi32.lib shell32.lib ole32.lib oleaut32.lib uuid.lib odbc32.lib odbccp32.lib /MANIFEST /MANIFESTUAC:"level='asInvoker' uiAccess='false'" /manifest:embed /DEBUG /PDB:"C:\Users\danielng01\Desktop\Projects\LowMigrate\LowMigrate\ProjectVS\LowMigrate\Release\LowMigrate.pdb" /SUBSYSTEM:CONSOLE /OPT:REF /OPT:ICF /LTCG /TLBID:1 /DYNAMICBASE /NXCOMPAT /IMPLIB:"C:\Users\danielng01\Desktop\Projects\LowMigrate\LowMigrate\ProjectVS\LowMigrate\Release\LowMigrate.lib" /MACHINE:X86 /SAFESEH Release\AddColumn.obj
         Release\CreateTable.obj
         Release\LowMigrate.obj
         Release\ManyToMany.obj
         Release\Migrations.obj
         Release\ArgumentsParser.obj
         Release\OneToMany.obj
         Release\QueryDebugging.obj
         Release\SplitMigration.obj
         Release\stdafx.obj
         Generating code
         Finished generating code
         LowMigrate.vcxproj -> C:\Users\danielng01\Desktop\Projects\LowMigrate\LowMigrate\ProjectVS\LowMigrate\Release\LowMigrate.exe
     1>Done Building Project "C:\Users\danielng01\Desktop\Projects\LowMigrate\LowMigrate\ProjectVS\LowMigrate\LowMigrate\LowMigrate.vcxproj" (Build target(s)).

Build succeeded.

Time Elapsed 00:00:16.51
